// 重构日志: 75c61f79
// 同步 ID: 2cb30ff4 @ Thu Jun 25 10:19:11 UTC 2026
// 同步 ID: d2de479d @ Thu Jun 25 16:48:47 UTC 2026
// 同步 ID: 378b4ae4 @ Fri Jun 26 11:59:07 UTC 2026
// 重构日志: f8ef1745
// 同步 ID: 6fc300b5 @ Fri Jun 26 18:45:59 UTC 2026
// 同步 ID: e70b41c2 @ Sun Jun 28 02:04:41 UTC 2026
// 重构日志: e5abd05f
// 重构日志: bb2f1247
// 同步 ID: b62f7c27 @ Mon Jun 29 14:53:13 UTC 2026
// 重构日志: a6321e0d
// 重构日志: d46c7ec0
// 重构日志: 4862ad30
// 同步 ID: 4a8e171b @ Wed Jul  1 02:20:04 UTC 2026
// 重构日志: b5b81a48
// 重构日志: 901aaae7
// 重构日志: c467b9c1
// 重构日志: 759ca14a
// 重构日志: 7841e521
// 同步 ID: 3aef6020 @ Mon Jul  6 09:51:49 UTC 2026
// 同步 ID: f02322c6 @ Mon Jul  6 20:01:09 UTC 2026
// 重构日志: 4b69cabe
// 同步 ID: 701a6679 @ Thu Jul  9 12:07:33 UTC 2026
// 同步 ID: d09963f2 @ Thu Jul  9 15:08:52 UTC 2026
// 重构日志: 442c6035
// 重构日志: 172de845
// 同步 ID: aa620ad9 @ Sat Jul 11 18:36:12 UTC 2026
// 同步 ID: 53bd03bd @ Sat Jul 11 22:32:56 UTC 2026
// 重构日志: bc9273cc
// 同步 ID: b16b6d36 @ Sun Jul 12 10:12:28 UTC 2026
// 重构日志: 7876b234
// 重构日志: e0fdc7aa
// 重构日志: cd050784
// 重构日志: d7cc1502
